CRITICAL - 2024-06-13 14:28:31 --> Error: Class "CI_Controller" not found
[Method: GET, Route: /]
in APPPATH/Views/modules/single-slider.php on line 3.
 1 APPPATH/Views/pages/home.php(3): include()
 2 SYSTEMPATH/View/View.php(234): include('/Applications/MAMP/htdocs/codeigniter4boilerplate/app/Views/pages/home.php')
 3 SYSTEMPATH/View/View.php(237): CodeIgniter\View\View->CodeIgniter\View\{closure}()
 4 SYSTEMPATH/Common.php(1171): CodeIgniter\View\View->render('pages/home', [], true)
 5 APPPATH/Controllers/Home.php(9): view('pages/home')
 6 SYSTEMPATH/CodeIgniter.php(933): App\Controllers\Home->index()
 7 SYSTEMPATH/CodeIgniter.php(509): CodeIgniter\CodeIgniter->runController(Object(App\Controllers\Home))
 8 SYSTEMPATH/CodeIgniter.php(355): CodeIgniter\CodeIgniter->handleRequest(null, Object(Config\Cache), false)
 9 SYSTEMPATH/Boot.php(312): CodeIgniter\CodeIgniter->run()
10 SYSTEMPATH/Boot.php(67): CodeIgniter\Boot::runCodeIgniter(Object(CodeIgniter\CodeIgniter))
11 FCPATH/index.php(56): CodeIgniter\Boot::bootWeb(Object(Config\Paths))
CRITICAL - 2024-06-13 14:31:10 --> ErrorException: Trying to access array offset on value of type null
[Method: GET, Route: /]
in APPPATH/Views/modules/single-slider.php on line 23.
 1 APPPATH/Views/modules/single-slider.php(23): CodeIgniter\Debug\Exceptions->errorHandler(2, 'Trying to access array offset on value of type null', '/Applications/MAMP/htdocs/codeigniter4boilerplate/app/Views/modules/single-slider.php', 23)
 2 APPPATH/Views/pages/home.php(3): include('/Applications/MAMP/htdocs/codeigniter4boilerplate/app/Views/modules/single-slider.php')
 3 SYSTEMPATH/View/View.php(234): include('/Applications/MAMP/htdocs/codeigniter4boilerplate/app/Views/pages/home.php')
 4 SYSTEMPATH/View/View.php(237): CodeIgniter\View\View->CodeIgniter\View\{closure}()
 5 SYSTEMPATH/Common.php(1171): CodeIgniter\View\View->render('pages/home', [], true)
 6 APPPATH/Controllers/Home.php(9): view('pages/home')
 7 SYSTEMPATH/CodeIgniter.php(933): App\Controllers\Home->index()
 8 SYSTEMPATH/CodeIgniter.php(509): CodeIgniter\CodeIgniter->runController(Object(App\Controllers\Home))
 9 SYSTEMPATH/CodeIgniter.php(355): CodeIgniter\CodeIgniter->handleRequest(null, Object(Config\Cache), false)
10 SYSTEMPATH/Boot.php(312): CodeIgniter\CodeIgniter->run()
11 SYSTEMPATH/Boot.php(67): CodeIgniter\Boot::runCodeIgniter(Object(CodeIgniter\CodeIgniter))
12 FCPATH/index.php(56): CodeIgniter\Boot::bootWeb(Object(Config\Paths))
CRITICAL - 2024-06-13 15:03:36 --> ErrorException: Undefined array key "label1"
[Method: GET, Route: /]
in APPPATH/Views/modules/single-slider.php on line 29.
 1 APPPATH/Views/modules/single-slider.php(29): CodeIgniter\Debug\Exceptions->errorHandler(2, 'Undefined array key "label1"', '/Applications/MAMP/htdocs/codeigniter4boilerplate/app/Views/modules/single-slider.php', 29)
 2 APPPATH/Views/pages/home.php(3): include('/Applications/MAMP/htdocs/codeigniter4boilerplate/app/Views/modules/single-slider.php')
 3 SYSTEMPATH/View/View.php(234): include('/Applications/MAMP/htdocs/codeigniter4boilerplate/app/Views/pages/home.php')
 4 SYSTEMPATH/View/View.php(237): CodeIgniter\View\View->CodeIgniter\View\{closure}()
 5 SYSTEMPATH/Common.php(1171): CodeIgniter\View\View->render('pages/home', [], true)
 6 APPPATH/Controllers/Home.php(9): view('pages/home')
 7 SYSTEMPATH/CodeIgniter.php(933): App\Controllers\Home->index()
 8 SYSTEMPATH/CodeIgniter.php(509): CodeIgniter\CodeIgniter->runController(Object(App\Controllers\Home))
 9 SYSTEMPATH/CodeIgniter.php(355): CodeIgniter\CodeIgniter->handleRequest(null, Object(Config\Cache), false)
10 SYSTEMPATH/Boot.php(312): CodeIgniter\CodeIgniter->run()
11 SYSTEMPATH/Boot.php(67): CodeIgniter\Boot::runCodeIgniter(Object(CodeIgniter\CodeIgniter))
12 FCPATH/index.php(56): CodeIgniter\Boot::bootWeb(Object(Config\Paths))
CRITICAL - 2024-06-13 15:06:48 --> ErrorException: Trying to access array offset on value of type null
[Method: GET, Route: /]
in APPPATH/Views/modules/single-slider.php on line 23.
 1 APPPATH/Views/modules/single-slider.php(23): CodeIgniter\Debug\Exceptions->errorHandler(2, 'Trying to access array offset on value of type null', '/Applications/MAMP/htdocs/codeigniter4boilerplate/app/Views/modules/single-slider.php', 23)
 2 APPPATH/Views/pages/home.php(3): include('/Applications/MAMP/htdocs/codeigniter4boilerplate/app/Views/modules/single-slider.php')
 3 SYSTEMPATH/View/View.php(234): include('/Applications/MAMP/htdocs/codeigniter4boilerplate/app/Views/pages/home.php')
 4 SYSTEMPATH/View/View.php(237): CodeIgniter\View\View->CodeIgniter\View\{closure}()
 5 SYSTEMPATH/Common.php(1171): CodeIgniter\View\View->render('pages/home', [], true)
 6 APPPATH/Controllers/Home.php(9): view('pages/home')
 7 SYSTEMPATH/CodeIgniter.php(933): App\Controllers\Home->index()
 8 SYSTEMPATH/CodeIgniter.php(509): CodeIgniter\CodeIgniter->runController(Object(App\Controllers\Home))
 9 SYSTEMPATH/CodeIgniter.php(355): CodeIgniter\CodeIgniter->handleRequest(null, Object(Config\Cache), false)
10 SYSTEMPATH/Boot.php(312): CodeIgniter\CodeIgniter->run()
11 SYSTEMPATH/Boot.php(67): CodeIgniter\Boot::runCodeIgniter(Object(CodeIgniter\CodeIgniter))
12 FCPATH/index.php(56): CodeIgniter\Boot::bootWeb(Object(Config\Paths))
CRITICAL - 2024-06-13 15:09:09 --> ErrorException: Trying to access array offset on value of type null
[Method: GET, Route: /]
in APPPATH/Views/modules/single-slider.php on line 23.
 1 APPPATH/Views/modules/single-slider.php(23): CodeIgniter\Debug\Exceptions->errorHandler(2, 'Trying to access array offset on value of type null', '/Applications/MAMP/htdocs/codeigniter4boilerplate/app/Views/modules/single-slider.php', 23)
 2 APPPATH/Views/pages/home.php(3): include('/Applications/MAMP/htdocs/codeigniter4boilerplate/app/Views/modules/single-slider.php')
 3 SYSTEMPATH/View/View.php(234): include('/Applications/MAMP/htdocs/codeigniter4boilerplate/app/Views/pages/home.php')
 4 SYSTEMPATH/View/View.php(237): CodeIgniter\View\View->CodeIgniter\View\{closure}()
 5 SYSTEMPATH/Common.php(1171): CodeIgniter\View\View->render('pages/home', [], true)
 6 APPPATH/Controllers/Home.php(9): view('pages/home')
 7 SYSTEMPATH/CodeIgniter.php(933): App\Controllers\Home->index()
 8 SYSTEMPATH/CodeIgniter.php(509): CodeIgniter\CodeIgniter->runController(Object(App\Controllers\Home))
 9 SYSTEMPATH/CodeIgniter.php(355): CodeIgniter\CodeIgniter->handleRequest(null, Object(Config\Cache), false)
10 SYSTEMPATH/Boot.php(312): CodeIgniter\CodeIgniter->run()
11 SYSTEMPATH/Boot.php(67): CodeIgniter\Boot::runCodeIgniter(Object(CodeIgniter\CodeIgniter))
12 FCPATH/index.php(56): CodeIgniter\Boot::bootWeb(Object(Config\Paths))
CRITICAL - 2024-06-13 15:11:41 --> ErrorException: Trying to access array offset on value of type null
[Method: GET, Route: /]
in APPPATH/Views/modules/single-slider.php on line 23.
 1 APPPATH/Views/modules/single-slider.php(23): CodeIgniter\Debug\Exceptions->errorHandler(2, 'Trying to access array offset on value of type null', '/Applications/MAMP/htdocs/codeigniter4boilerplate/app/Views/modules/single-slider.php', 23)
 2 APPPATH/Views/pages/home.php(3): include('/Applications/MAMP/htdocs/codeigniter4boilerplate/app/Views/modules/single-slider.php')
 3 SYSTEMPATH/View/View.php(234): include('/Applications/MAMP/htdocs/codeigniter4boilerplate/app/Views/pages/home.php')
 4 SYSTEMPATH/View/View.php(237): CodeIgniter\View\View->CodeIgniter\View\{closure}()
 5 SYSTEMPATH/Common.php(1171): CodeIgniter\View\View->render('pages/home', [], true)
 6 APPPATH/Controllers/Home.php(9): view('pages/home')
 7 SYSTEMPATH/CodeIgniter.php(933): App\Controllers\Home->index()
 8 SYSTEMPATH/CodeIgniter.php(509): CodeIgniter\CodeIgniter->runController(Object(App\Controllers\Home))
 9 SYSTEMPATH/CodeIgniter.php(355): CodeIgniter\CodeIgniter->handleRequest(null, Object(Config\Cache), false)
10 SYSTEMPATH/Boot.php(312): CodeIgniter\CodeIgniter->run()
11 SYSTEMPATH/Boot.php(67): CodeIgniter\Boot::runCodeIgniter(Object(CodeIgniter\CodeIgniter))
12 FCPATH/index.php(56): CodeIgniter\Boot::bootWeb(Object(Config\Paths))
CRITICAL - 2024-06-13 15:11:44 --> ErrorException: Trying to access array offset on value of type null
[Method: GET, Route: /]
in APPPATH/Views/modules/single-slider.php on line 23.
 1 APPPATH/Views/modules/single-slider.php(23): CodeIgniter\Debug\Exceptions->errorHandler(2, 'Trying to access array offset on value of type null', '/Applications/MAMP/htdocs/codeigniter4boilerplate/app/Views/modules/single-slider.php', 23)
 2 APPPATH/Views/pages/home.php(3): include('/Applications/MAMP/htdocs/codeigniter4boilerplate/app/Views/modules/single-slider.php')
 3 SYSTEMPATH/View/View.php(234): include('/Applications/MAMP/htdocs/codeigniter4boilerplate/app/Views/pages/home.php')
 4 SYSTEMPATH/View/View.php(237): CodeIgniter\View\View->CodeIgniter\View\{closure}()
 5 SYSTEMPATH/Common.php(1171): CodeIgniter\View\View->render('pages/home', [], true)
 6 APPPATH/Controllers/Home.php(9): view('pages/home')
 7 SYSTEMPATH/CodeIgniter.php(933): App\Controllers\Home->index()
 8 SYSTEMPATH/CodeIgniter.php(509): CodeIgniter\CodeIgniter->runController(Object(App\Controllers\Home))
 9 SYSTEMPATH/CodeIgniter.php(355): CodeIgniter\CodeIgniter->handleRequest(null, Object(Config\Cache), false)
10 SYSTEMPATH/Boot.php(312): CodeIgniter\CodeIgniter->run()
11 SYSTEMPATH/Boot.php(67): CodeIgniter\Boot::runCodeIgniter(Object(CodeIgniter\CodeIgniter))
12 FCPATH/index.php(56): CodeIgniter\Boot::bootWeb(Object(Config\Paths))
CRITICAL - 2024-06-13 15:11:57 --> ErrorException: Undefined array key "label1"
[Method: GET, Route: /]
in APPPATH/Views/modules/single-slider.php on line 29.
 1 APPPATH/Views/modules/single-slider.php(29): CodeIgniter\Debug\Exceptions->errorHandler(2, 'Undefined array key "label1"', '/Applications/MAMP/htdocs/codeigniter4boilerplate/app/Views/modules/single-slider.php', 29)
 2 APPPATH/Views/pages/home.php(3): include('/Applications/MAMP/htdocs/codeigniter4boilerplate/app/Views/modules/single-slider.php')
 3 SYSTEMPATH/View/View.php(234): include('/Applications/MAMP/htdocs/codeigniter4boilerplate/app/Views/pages/home.php')
 4 SYSTEMPATH/View/View.php(237): CodeIgniter\View\View->CodeIgniter\View\{closure}()
 5 SYSTEMPATH/Common.php(1171): CodeIgniter\View\View->render('pages/home', [], true)
 6 APPPATH/Controllers/Home.php(9): view('pages/home')
 7 SYSTEMPATH/CodeIgniter.php(933): App\Controllers\Home->index()
 8 SYSTEMPATH/CodeIgniter.php(509): CodeIgniter\CodeIgniter->runController(Object(App\Controllers\Home))
 9 SYSTEMPATH/CodeIgniter.php(355): CodeIgniter\CodeIgniter->handleRequest(null, Object(Config\Cache), false)
10 SYSTEMPATH/Boot.php(312): CodeIgniter\CodeIgniter->run()
11 SYSTEMPATH/Boot.php(67): CodeIgniter\Boot::runCodeIgniter(Object(CodeIgniter\CodeIgniter))
12 FCPATH/index.php(56): CodeIgniter\Boot::bootWeb(Object(Config\Paths))
CRITICAL - 2024-06-13 15:12:35 --> ErrorException: Undefined array key "label1"
[Method: GET, Route: /]
in APPPATH/Views/modules/single-slider.php on line 29.
 1 APPPATH/Views/modules/single-slider.php(29): CodeIgniter\Debug\Exceptions->errorHandler(2, 'Undefined array key "label1"', '/Applications/MAMP/htdocs/codeigniter4boilerplate/app/Views/modules/single-slider.php', 29)
 2 APPPATH/Views/pages/home.php(3): include('/Applications/MAMP/htdocs/codeigniter4boilerplate/app/Views/modules/single-slider.php')
 3 SYSTEMPATH/View/View.php(234): include('/Applications/MAMP/htdocs/codeigniter4boilerplate/app/Views/pages/home.php')
 4 SYSTEMPATH/View/View.php(237): CodeIgniter\View\View->CodeIgniter\View\{closure}()
 5 SYSTEMPATH/Common.php(1171): CodeIgniter\View\View->render('pages/home', [], true)
 6 APPPATH/Controllers/Home.php(9): view('pages/home')
 7 SYSTEMPATH/CodeIgniter.php(933): App\Controllers\Home->index()
 8 SYSTEMPATH/CodeIgniter.php(509): CodeIgniter\CodeIgniter->runController(Object(App\Controllers\Home))
 9 SYSTEMPATH/CodeIgniter.php(355): CodeIgniter\CodeIgniter->handleRequest(null, Object(Config\Cache), false)
10 SYSTEMPATH/Boot.php(312): CodeIgniter\CodeIgniter->run()
11 SYSTEMPATH/Boot.php(67): CodeIgniter\Boot::runCodeIgniter(Object(CodeIgniter\CodeIgniter))
12 FCPATH/index.php(56): CodeIgniter\Boot::bootWeb(Object(Config\Paths))
CRITICAL - 2024-06-13 15:14:15 --> ErrorException: Undefined array key "label1"
[Method: GET, Route: /]
in APPPATH/Views/modules/single-slider.php on line 29.
 1 APPPATH/Views/modules/single-slider.php(29): CodeIgniter\Debug\Exceptions->errorHandler(2, 'Undefined array key "label1"', '/Applications/MAMP/htdocs/codeigniter4boilerplate/app/Views/modules/single-slider.php', 29)
 2 APPPATH/Views/pages/home.php(3): include('/Applications/MAMP/htdocs/codeigniter4boilerplate/app/Views/modules/single-slider.php')
 3 SYSTEMPATH/View/View.php(234): include('/Applications/MAMP/htdocs/codeigniter4boilerplate/app/Views/pages/home.php')
 4 SYSTEMPATH/View/View.php(237): CodeIgniter\View\View->CodeIgniter\View\{closure}()
 5 SYSTEMPATH/Common.php(1171): CodeIgniter\View\View->render('pages/home', [], true)
 6 APPPATH/Controllers/Home.php(9): view('pages/home')
 7 SYSTEMPATH/CodeIgniter.php(933): App\Controllers\Home->index()
 8 SYSTEMPATH/CodeIgniter.php(509): CodeIgniter\CodeIgniter->runController(Object(App\Controllers\Home))
 9 SYSTEMPATH/CodeIgniter.php(355): CodeIgniter\CodeIgniter->handleRequest(null, Object(Config\Cache), false)
10 SYSTEMPATH/Boot.php(312): CodeIgniter\CodeIgniter->run()
11 SYSTEMPATH/Boot.php(67): CodeIgniter\Boot::runCodeIgniter(Object(CodeIgniter\CodeIgniter))
12 FCPATH/index.php(56): CodeIgniter\Boot::bootWeb(Object(Config\Paths))
CRITICAL - 2024-06-13 15:14:54 --> ErrorException: Undefined array key "label1"
[Method: GET, Route: /]
in APPPATH/Views/modules/single-slider.php on line 29.
 1 APPPATH/Views/modules/single-slider.php(29): CodeIgniter\Debug\Exceptions->errorHandler(2, 'Undefined array key "label1"', '/Applications/MAMP/htdocs/codeigniter4boilerplate/app/Views/modules/single-slider.php', 29)
 2 APPPATH/Views/pages/home.php(3): include('/Applications/MAMP/htdocs/codeigniter4boilerplate/app/Views/modules/single-slider.php')
 3 SYSTEMPATH/View/View.php(234): include('/Applications/MAMP/htdocs/codeigniter4boilerplate/app/Views/pages/home.php')
 4 SYSTEMPATH/View/View.php(237): CodeIgniter\View\View->CodeIgniter\View\{closure}()
 5 SYSTEMPATH/Common.php(1171): CodeIgniter\View\View->render('pages/home', [], true)
 6 APPPATH/Controllers/Home.php(9): view('pages/home')
 7 SYSTEMPATH/CodeIgniter.php(933): App\Controllers\Home->index()
 8 SYSTEMPATH/CodeIgniter.php(509): CodeIgniter\CodeIgniter->runController(Object(App\Controllers\Home))
 9 SYSTEMPATH/CodeIgniter.php(355): CodeIgniter\CodeIgniter->handleRequest(null, Object(Config\Cache), false)
10 SYSTEMPATH/Boot.php(312): CodeIgniter\CodeIgniter->run()
11 SYSTEMPATH/Boot.php(67): CodeIgniter\Boot::runCodeIgniter(Object(CodeIgniter\CodeIgniter))
12 FCPATH/index.php(56): CodeIgniter\Boot::bootWeb(Object(Config\Paths))
CRITICAL - 2024-06-13 19:20:33 --> ErrorException: Trying to access array offset on value of type null
[Method: GET, Route: /]
in APPPATH/Views/modules/single-slider.php on line 19.
 1 APPPATH/Views/modules/single-slider.php(19): CodeIgniter\Debug\Exceptions->errorHandler(2, 'Trying to access array offset on value of type null', '/Applications/MAMP/htdocs/codeigniter4boilerplate/app/Views/modules/single-slider.php', 19)
 2 APPPATH/Views/pages/home.php(3): include('/Applications/MAMP/htdocs/codeigniter4boilerplate/app/Views/modules/single-slider.php')
 3 SYSTEMPATH/View/View.php(234): include('/Applications/MAMP/htdocs/codeigniter4boilerplate/app/Views/pages/home.php')
 4 SYSTEMPATH/View/View.php(237): CodeIgniter\View\View->CodeIgniter\View\{closure}()
 5 SYSTEMPATH/Common.php(1171): CodeIgniter\View\View->render('pages/home', [], true)
 6 APPPATH/Controllers/Home.php(9): view('pages/home')
 7 SYSTEMPATH/CodeIgniter.php(933): App\Controllers\Home->index()
 8 SYSTEMPATH/CodeIgniter.php(509): CodeIgniter\CodeIgniter->runController(Object(App\Controllers\Home))
 9 SYSTEMPATH/CodeIgniter.php(355): CodeIgniter\CodeIgniter->handleRequest(null, Object(Config\Cache), false)
10 SYSTEMPATH/Boot.php(312): CodeIgniter\CodeIgniter->run()
11 SYSTEMPATH/Boot.php(67): CodeIgniter\Boot::runCodeIgniter(Object(CodeIgniter\CodeIgniter))
12 FCPATH/index.php(56): CodeIgniter\Boot::bootWeb(Object(Config\Paths))
